==12884== NVPROF is profiling process 12884, command: ./mmpy -v -n 2048
# devices: 1

Device is a Tesla T4, capability: 7.5
Clock speed: 1590.000000 MHz
# cores: 40

Global memory: 14.560913GB
Memory Clock Rate (MHz): 5001.000000
Memory Bus Width (bits): 256
Peak Memory Bandwidth (GB/s): 320.064000
L2 Cache size: (KB): 4096.000000
ECC Enabled
Device shares a unified address space with the host
CUDA Driver version: 11060, runtime version: 10010

 capability 7.5
n: 2048, tx: 16, ty: 16, gridX: 32, gridY: 32, reps: 10, epsilon: 0.000732422

Using Single precision arithmetic


Device computation time: 0.026271 sec. [6539.454395 gflops]

     N     TX     TY   Reps       t_h     GF_h       t_d   GF_d   Host?  L1? Rnd?  BT?  SHM
@  2048    16     16     10   0.00e+00     0.0  2.63e-02 6539.5     N    N    N    N    4

==12884== Profiling application: ./mmpy -v -n 2048
==12884== Profiling result:
            Type  Time(%)      Time     Calls       Avg       Min       Max  Name
 GPU activities:   47.09%  24.100ms        10  2.4100ms  2.2852ms  2.7626ms  volta_sgemm_128x64_nn
                   29.13%  14.908ms         2  7.4538ms  3.4076ms  11.500ms  [CUDA memcpy DtoH]
                   13.48%  6.8977ms         3  2.2992ms  1.0880us  3.5221ms  [CUDA memcpy HtoD]
                   10.28%  5.2589ms         1  5.2589ms  5.2589ms  5.2589ms  matMul(int, float*, float*, float*)
                    0.02%  11.648us        14     832ns     672ns     960ns  [CUDA memset]
      API calls:   78.37%  1.25700s         6  209.50ms     891ns  904.55ms  cudaFree
                   16.19%  259.67ms         1  259.67ms  259.67ms  259.67ms  cudaDeviceReset
                    1.86%  29.768ms       285  104.45us     130ns  24.482ms  cuDeviceGetAttribute
                    1.84%  29.431ms         5  5.8863ms  4.8570us  23.964ms  cudaDeviceSynchronize
                    1.50%  24.062ms         5  4.8124ms  20.861us  12.952ms  cudaMemcpy
                    0.12%  1.8600ms         3  620.01us  135.48us  1.5797ms  cuDeviceGetName
                    0.05%  811.06us         6  135.18us  4.9290us  495.42us  cudaMalloc
                    0.05%  800.12us         1  800.12us  800.12us  800.12us  cudaGetDeviceProperties
                    0.01%  108.35us         4  27.086us  6.6840us  47.365us  cudaMemset
                    0.01%  107.61us        11  9.7820us  6.3630us  30.116us  cudaLaunchKernel
                    0.01%  104.24us       171     609ns     371ns  9.0920us  cudaFuncSetAttribute
                    0.00%  46.867us        10  4.6860us  3.1970us  14.396us  cudaMemsetAsync
                    0.00%  16.814us         2  8.4070us  1.9030us  14.911us  cuDeviceGetPCIBusId
                    0.00%  13.048us        10  1.3040us  1.0350us  3.5010us  cudaEventRecord
                    0.00%  12.101us        10  1.2100us     824ns  4.1960us  cudaEventQuery
                    0.00%  12.062us        10  1.2060us     776ns  4.7440us  cudaOccupancyMaxActiveBlocksPerMultiprocessorWithFlags
                    0.00%  11.011us        16     688ns     450ns  3.5710us  cudaEventCreateWithFlags
                    0.00%  7.0930us        25     283ns     124ns     898ns  cudaGetLastError
                    0.00%  5.0410us        11     458ns     301ns  1.8630us  cudaDeviceGetAttribute
                    0.00%  4.3640us         5     872ns     258ns  2.3890us  cuDeviceGetCount
                    0.00%  4.1610us         2  2.0800us  2.0140us  2.1470us  cuInit
                    0.00%  4.0070us         2  2.0030us  1.2360us  2.7710us  cudaGetDevice
                    0.00%  3.6340us         1  3.6340us  3.6340us  3.6340us  cudaFuncSetCacheConfig
                    0.00%  1.7040us         4     426ns     158ns     698ns  cuDeviceGet
                    0.00%  1.3380us         3     446ns     400ns     507ns  cuDeviceTotalMem
                    0.00%     762ns         3     254ns     204ns     298ns  cuDeviceGetUuid
                    0.00%     675ns         2     337ns     325ns     350ns  cuDriverGetVersion
                    0.00%     482ns         1     482ns     482ns     482ns  cudaGetDeviceCount
                    0.00%     329ns         1     329ns     329ns     329ns  cudaDriverGetVersion
                    0.00%     186ns         1     186ns     186ns     186ns  cudaRuntimeGetVersion

==12884== System profiling result:
Device "Tesla T4 (0)"
                         Count         Avg         Min         Max
      SM Clock (MHz)        17     1501.76      300.00     1590.00
  Memory Clock (MHz)        17     4729.71      405.00     5000.00
     Temperature (C)        33       33.82       32.00       36.00
          Power (mW)        33    43895.58    14798.00    47533.00
