Running in mode: naive
Basic options - n: 2048, bx: 32, by: 32, tm: 8 tn: 8 tk:4
Optimization options - opt_loop_unroll: 1, opt_register: 1, opt_branch: 1
Applications clocks set to "(MEM 5001, SM 1590)" for GPU 00000000:00:1E.0
All done.
make: Entering directory '/home/ubuntu/cse260/pa2-pa2-chy007-owenlly/build_T4'
/usr/bin/nvcc -O3 -gencode arch=compute_75,code=sm_75 -c -DTARGET_T4  --ptxas-options=-v "-DUSE_NAIVE" -DBLOCKDIM_X=32 -DBLOCKDIM_Y=32 -DTILEDIM_K=1 -DTILESCALE_M=1 -DTILESCALE_N=1 -DTILESCALE_K=1 -DOPT_UNROLL=1 -DOPT_REGISTER=1 -DOPT_BRANCH=1 -c ../src/mmpy.cu -o ../src/mmpy.o
/usr/bin/g++ -I/usr/include/openblas -DTARGET_T4 -DBLOCKDIM_X=32 -DBLOCKDIM_Y=32 -DTILEDIM_K=1 -DTILESCALE_M=1 -DTILESCALE_N=1 -DTILESCALE_K=1 -DOPT_UNROLL=1 -DOPT_REGISTER=1 -DOPT_BRANCH=1 -c ../src/mmpy_host.cpp -o ../src/mmpy_host.o
/usr/bin/g++ -I/usr/include/openblas -DTARGET_T4 -DBLOCKDIM_X=32 -DBLOCKDIM_Y=32 -DTILEDIM_K=1 -DTILESCALE_M=1 -DTILESCALE_N=1 -DTILESCALE_K=1 -DOPT_UNROLL=1 -DOPT_REGISTER=1 -DOPT_BRANCH=1 -c ../src/genMatrix.cpp -o ../src/genMatrix.o
/usr/bin/g++ -I/usr/include/openblas -DTARGET_T4 -DBLOCKDIM_X=32 -DBLOCKDIM_Y=32 -DTILEDIM_K=1 -DTILESCALE_M=1 -DTILESCALE_N=1 -DTILESCALE_K=1 -DOPT_UNROLL=1 -DOPT_REGISTER=1 -DOPT_BRANCH=1 -c ../src/cmdLine.cpp -o ../src/cmdLine.o
/usr/bin/g++ -I/usr/include/openblas -DTARGET_T4 -DBLOCKDIM_X=32 -DBLOCKDIM_Y=32 -DTILEDIM_K=1 -DTILESCALE_M=1 -DTILESCALE_N=1 -DTILESCALE_K=1 -DOPT_UNROLL=1 -DOPT_REGISTER=1 -DOPT_BRANCH=1 -c ../src/Timer.cpp -o ../src/Timer.o
/usr/bin/nvcc -O3 -gencode arch=compute_75,code=sm_75 -c -DTARGET_T4  --ptxas-options=-v "-DUSE_NAIVE" -DBLOCKDIM_X=32 -DBLOCKDIM_Y=32 -DTILEDIM_K=1 -DTILESCALE_M=1 -DTILESCALE_N=1 -DTILESCALE_K=1 -DOPT_UNROLL=1 -DOPT_REGISTER=1 -DOPT_BRANCH=1 -c ../src/utils.cu -o ../src/utils.o
/usr/bin/g++ -I/usr/include/openblas -DTARGET_T4 -DBLOCKDIM_X=32 -DBLOCKDIM_Y=32 -DTILEDIM_K=1 -DTILESCALE_M=1 -DTILESCALE_N=1 -DTILESCALE_K=1 -DOPT_UNROLL=1 -DOPT_REGISTER=1 -DOPT_BRANCH=1 -c ../src/Report.cpp -o ../src/Report.o
/usr/bin/nvcc -O3 -gencode arch=compute_75,code=sm_75 -c -DTARGET_T4  --ptxas-options=-v "-DUSE_NAIVE" -DBLOCKDIM_X=32 -DBLOCKDIM_Y=32 -DTILEDIM_K=1 -DTILESCALE_M=1 -DTILESCALE_N=1 -DTILESCALE_K=1 -DOPT_UNROLL=1 -DOPT_REGISTER=1 -DOPT_BRANCH=1 -c ../src_todo_T4/setGrid.cu -o ../src_todo_T4/setGrid.o
/usr/bin/nvcc -O3 -gencode arch=compute_75,code=sm_75 -c -DTARGET_T4  --ptxas-options=-v "-DUSE_NAIVE" -DBLOCKDIM_X=32 -DBLOCKDIM_Y=32 -DTILEDIM_K=1 -DTILESCALE_M=1 -DTILESCALE_N=1 -DTILESCALE_K=1 -DOPT_UNROLL=1 -DOPT_REGISTER=1 -DOPT_BRANCH=1 -c ../src_todo_T4/mmpy_kernel.cu -o ../src_todo_T4/mmpy_kernel.o
/usr/bin/nvcc -o ../mmpy  ../src/mmpy.o  ../src/mmpy_host.o  ../src/genMatrix.o ../src/cmdLine.o ../src/Timer.o ../src/utils.o ../src/Report.o ../src_todo_T4/setGrid.o  -lblas -lpthread -lm -lcublas
make: Leaving directory '/home/ubuntu/cse260/pa2-pa2-chy007-owenlly/build_T4'
Make succeeded, running ./mmpy with n=2048
# devices: 1

Device is a Tesla T4, capability: 7.5
Clock speed: 1590.000000 MHz
# cores: 40

Global memory: 14.560913GB
Memory Clock Rate (MHz): 5001.000000
Memory Bus Width (bits): 256
Peak Memory Bandwidth (GB/s): 320.064000
L2 Cache size: (KB): 4096.000000
ECC Enabled
Device shares a unified address space with the host
CUDA Driver version: 11060, runtime version: 10010

 capability 7.5
n: 2048, tx: 32, ty: 32, gridX: 64, gridY: 64, reps: 10, epsilon: 0.000732422

gridDim.x: 64, gridDim.y: 64
TILEDIM_N: 32, TILEDIM_M: 32
n: 2048, tx: 32, ty: 32, gridX: 64, gridY: 64, reps: 10, epsilon: 0.000732422

Using Single precision arithmetic


Device computation time: 0.303422 sec. [566.203856 gflops]

     N     TX     TY   Reps       t_h     GF_h       t_d   GF_d   Host?  L1? Rnd?  BT?  SHM
@  2048    32     32     10   0.00e+00     0.0  3.03e-01  566.2     N    N    N    N    4


Device result: answers matched to within 0.000732422

