# devices: 1

Device is a Tesla T4, capability: 7.5
Clock speed: 1590.000000 MHz
# cores: 40

Global memory: 14.560913GB
Memory Clock Rate (MHz): 5001.000000
Memory Bus Width (bits): 256
Peak Memory Bandwidth (GB/s): 320.064000
L2 Cache size: (KB): 4096.000000
ECC Enabled
Device shares a unified address space with the host
CUDA Driver version: 11060, runtime version: 10010

 capability 7.5
n: 2048, tx: 16, ty: 16, gridX: 128, gridY: 128, reps: 10, epsilon: 0.000732422

gridDim.x: 16, gridDim.y: 16
TILEDIM_N: 128, TILEDIM_M: 128
n: 2048, tx: 16, ty: 16, gridX: 16, gridY: 16, reps: 10, epsilon: 0.000732422

Using Single precision arithmetic


Device computation time: 0.038126 sec. [4506.077970 gflops]

     N     TX     TY   Reps       t_h     GF_h       t_d   GF_d   Host?  L1? Rnd?  BT?  SHM
@  2048    16     16     10   0.00e+00     0.0  3.81e-02 4506.1     N    N    N    N    4


Device result: answers matched to within 0.000732422

