# devices: 1

Device is a Tesla T4, capability: 7.5
Clock speed: 1590.000000 MHz
# cores: 40

Global memory: 14.560913GB
Memory Clock Rate (MHz): 5001.000000
Memory Bus Width (bits): 256
Peak Memory Bandwidth (GB/s): 320.064000
L2 Cache size: (KB): 4096.000000
ECC Enabled
Device shares a unified address space with the host
CUDA Driver version: 11060, runtime version: 10010

 capability 7.5
n: 257, tx: 16, ty: 16, gridX: 17, gridY: 17, reps: 10, epsilon: 9.19104e-05

gridDim.x: 2, gridDim.y: 2
TILEDIM_N: 128, TILEDIM_M: 128
n: 257, tx: 16, ty: 16, gridX: 3, gridY: 3, reps: 10, epsilon: 9.19104e-05

Using Single precision arithmetic


Device computation time: 0.000908 sec. [373.931740 gflops]

     N     TX     TY   Reps       t_h     GF_h       t_d   GF_d   Host?  L1? Rnd?  BT?  SHM
@   257    16     16     10   0.00e+00     0.0  9.08e-04  373.9     N    N    N    N    4


Device result: answers matched to within 9.19104e-05

